{"level":"warn","message":"[Nexus Config] Missing environment variables: MONGO_URI, JWT_SECRET. Falling back to default values for development.","service":"nexus-backend","timestamp":"2026-07-07 22:21:02"}
{"level":"info","message":"[Python ASR] Spawning Python ASR microservice process...","service":"nexus-backend","timestamp":"2026-07-07 22:21:03"}
{"level":"info","message":"Server successfully started on port 5000","service":"nexus-backend","timestamp":"2026-07-07 22:21:03"}
{"level":"error","message":"[Python ASR stderr]: C:\\Users\\Raulji Siddharthsinh\\AppData\\Local\\Programs\\Python\\Python311\\python.exe: can't open file 'C:\\\\Users\\\\Raulji Siddharthsinh\\\\Desktop\\\\Internship\\\\Chat App\\\\transcription_server.py': [Errno 2] No such file or directory","service":"nexus-backend","timestamp":"2026-07-07 22:21:03"}
{"level":"info","message":"[Python ASR Process] exited with code 2","service":"nexus-backend","timestamp":"2026-07-07 22:21:03"}
{"level":"info","message":"Successfully connected to MongoDB.","service":"nexus-backend","timestamp":"2026-07-07 22:21:03"}
{"level":"info","message":"[SLA Checker] Running background breach verification...","service":"nexus-backend","timestamp":"2026-07-07 22:23:03"}
{"level":"info","message":"[SLA Checker] Running background breach verification...","service":"nexus-backend","timestamp":"2026-07-07 22:25:03"}
{"level":"warn","message":"[Nexus Config] Missing environment variables: MONGO_URI, JWT_SECRET. Falling back to default values for development.","service":"nexus-backend","timestamp":"2026-07-07 22:26:06"}
{"level":"info","message":"[Python ASR] Spawning Python ASR microservice process...","service":"nexus-backend","timestamp":"2026-07-07 22:26:07"}
{"level":"info","message":"Server successfully started on port 5000","service":"nexus-backend","timestamp":"2026-07-07 22:26:07"}
{"level":"info","message":"Successfully connected to MongoDB.","service":"nexus-backend","timestamp":"2026-07-07 22:26:07"}
{"level":"error","message":"[Python ASR stderr]: C:\\Users\\Raulji Siddharthsinh\\AppData\\Local\\Programs\\Python\\Python311\\python.exe: can't open file 'C:\\\\Users\\\\Raulji Siddharthsinh\\\\Desktop\\\\Internship\\\\Chat App\\\\transcription_server.py': [Errno 2] No such file or directory","service":"nexus-backend","timestamp":"2026-07-07 22:26:07"}
{"level":"info","message":"[Python ASR Process] exited with code 2","service":"nexus-backend","timestamp":"2026-07-07 22:26:07"}
{"level":"warn","message":"[Nexus Config] Missing environment variables: MONGO_URI, JWT_SECRET. Falling back to default values for development.","service":"nexus-backend","timestamp":"2026-07-07 22:26:14"}
{"level":"info","message":"[Python ASR] Spawning Python ASR microservice process...","service":"nexus-backend","timestamp":"2026-07-07 22:26:16"}
{"level":"info","message":"Server successfully started on port 5000","service":"nexus-backend","timestamp":"2026-07-07 22:26:16"}
{"level":"error","message":"[Python ASR stderr]: C:\\Users\\Raulji Siddharthsinh\\AppData\\Local\\Programs\\Python\\Python311\\python.exe: can't open file 'C:\\\\Users\\\\Raulji Siddharthsinh\\\\Desktop\\\\Internship\\\\Chat App\\\\transcription_server.py': [Errno 2] No such file or directory","service":"nexus-backend","timestamp":"2026-07-07 22:26:17"}
{"level":"info","message":"Successfully connected to MongoDB.","service":"nexus-backend","timestamp":"2026-07-07 22:26:17"}
{"level":"info","message":"[Python ASR Process] exited with code 2","service":"nexus-backend","timestamp":"2026-07-07 22:26:17"}
{"level":"error","message":"Get DM conversations error: ClearedChat is not defined","service":"nexus-backend","stack":"ReferenceError: ClearedChat is not defined\n    at C:\\Users\\Raulji Siddharthsinh\\Desktop\\Internship\\Chat App\\backend\\src\\routes\\directRoutes.js:715:26\n    at process.processTicksAndRejections (node:internal/process/task_queues:103:5)","timestamp":"2026-07-07 22:26:25"}
{"level":"error","message":"Get DM conversations error: ClearedChat is not defined","service":"nexus-backend","stack":"ReferenceError: ClearedChat is not defined\n    at C:\\Users\\Raulji Siddharthsinh\\Desktop\\Internship\\Chat App\\backend\\src\\routes\\directRoutes.js:715:26\n    at process.processTicksAndRejections (node:internal/process/task_queues:103:5)","timestamp":"2026-07-07 22:26:28"}
{"level":"error","message":"Get DM conversations error: ClearedChat is not defined","service":"nexus-backend","stack":"ReferenceError: ClearedChat is not defined\n    at C:\\Users\\Raulji Siddharthsinh\\Desktop\\Internship\\Chat App\\backend\\src\\routes\\directRoutes.js:715:26\n    at process.processTicksAndRejections (node:internal/process/task_queues:103:5)","timestamp":"2026-07-07 22:26:31"}
{"level":"error","message":"Get DM conversations error: ClearedChat is not defined","service":"nexus-backend","stack":"ReferenceError: ClearedChat is not defined\n    at C:\\Users\\Raulji Siddharthsinh\\Desktop\\Internship\\Chat App\\backend\\src\\routes\\directRoutes.js:715:26\n    at process.processTicksAndRejections (node:internal/process/task_queues:103:5)","timestamp":"2026-07-07 22:26:53"}
{"level":"error","message":"Get DM conversations error: ClearedChat is not defined","service":"nexus-backend","stack":"ReferenceError: ClearedChat is not defined\n    at C:\\Users\\Raulji Siddharthsinh\\Desktop\\Internship\\Chat App\\backend\\src\\routes\\directRoutes.js:715:26\n    at process.processTicksAndRejections (node:internal/process/task_queues:103:5)","timestamp":"2026-07-07 22:26:55"}
{"level":"error","message":"Get DM conversations error: ClearedChat is not defined","service":"nexus-backend","stack":"ReferenceError: ClearedChat is not defined\n    at C:\\Users\\Raulji Siddharthsinh\\Desktop\\Internship\\Chat App\\backend\\src\\routes\\directRoutes.js:715:26\n    at process.processTicksAndRejections (node:internal/process/task_queues:103:5)","timestamp":"2026-07-07 22:26:58"}
{"level":"info","message":"[SLA Checker] Running background breach verification...","service":"nexus-backend","timestamp":"2026-07-07 22:28:16"}
{"level":"error","message":"Get DM conversations error: ClearedChat is not defined","service":"nexus-backend","stack":"ReferenceError: ClearedChat is not defined\n    at C:\\Users\\Raulji Siddharthsinh\\Desktop\\Internship\\Chat App\\backend\\src\\routes\\directRoutes.js:715:26\n    at process.processTicksAndRejections (node:internal/process/task_queues:103:5)","timestamp":"2026-07-07 22:29:08"}
{"level":"error","message":"Get DM conversations error: ClearedChat is not defined","service":"nexus-backend","stack":"ReferenceError: ClearedChat is not defined\n    at C:\\Users\\Raulji Siddharthsinh\\Desktop\\Internship\\Chat App\\backend\\src\\routes\\directRoutes.js:715:26\n    at process.processTicksAndRejections (node:internal/process/task_queues:103:5)","timestamp":"2026-07-07 22:29:10"}
{"level":"error","message":"Get DM conversations error: ClearedChat is not defined","service":"nexus-backend","stack":"ReferenceError: ClearedChat is not defined\n    at C:\\Users\\Raulji Siddharthsinh\\Desktop\\Internship\\Chat App\\backend\\src\\routes\\directRoutes.js:715:26\n    at process.processTicksAndRejections (node:internal/process/task_queues:103:5)","timestamp":"2026-07-07 22:29:14"}
{"level":"error","message":"Get DM conversations error: ClearedChat is not defined","service":"nexus-backend","stack":"ReferenceError: ClearedChat is not defined\n    at C:\\Users\\Raulji Siddharthsinh\\Desktop\\Internship\\Chat App\\backend\\src\\routes\\directRoutes.js:715:26\n    at process.processTicksAndRejections (node:internal/process/task_queues:103:5)","timestamp":"2026-07-07 22:30:01"}
{"level":"error","message":"Get DM conversations error: ClearedChat is not defined","service":"nexus-backend","stack":"ReferenceError: ClearedChat is not defined\n    at C:\\Users\\Raulji Siddharthsinh\\Desktop\\Internship\\Chat App\\backend\\src\\routes\\directRoutes.js:715:26\n    at process.processTicksAndRejections (node:internal/process/task_queues:103:5)","timestamp":"2026-07-07 22:30:02"}
{"level":"error","message":"Get DM conversations error: ClearedChat is not defined","service":"nexus-backend","stack":"ReferenceError: ClearedChat is not defined\n    at C:\\Users\\Raulji Siddharthsinh\\Desktop\\Internship\\Chat App\\backend\\src\\routes\\directRoutes.js:715:26\n    at process.processTicksAndRejections (node:internal/process/task_queues:103:5)","timestamp":"2026-07-07 22:30:04"}
{"level":"info","message":"[SLA Checker] Running background breach verification...","service":"nexus-backend","timestamp":"2026-07-07 22:30:16"}
{"level":"warn","message":"[Nexus Config] Missing environment variables: MONGO_URI, JWT_SECRET. Falling back to default values for development.","service":"nexus-backend","timestamp":"2026-07-07 22:31:39"}
{"level":"info","message":"[Python ASR] Spawning Python ASR microservice process...","service":"nexus-backend","timestamp":"2026-07-07 22:31:40"}
{"level":"info","message":"Server successfully started on port 5000","service":"nexus-backend","timestamp":"2026-07-07 22:31:40"}
{"level":"error","message":"[Python ASR stderr]: C:\\Users\\Raulji Siddharthsinh\\AppData\\Local\\Programs\\Python\\Python311\\python.exe: can't open file 'C:\\\\Users\\\\Raulji Siddharthsinh\\\\Desktop\\\\Internship\\\\Chat App\\\\transcription_server.py': [Errno 2] No such file or directory","service":"nexus-backend","timestamp":"2026-07-07 22:31:40"}
{"level":"info","message":"[Python ASR Process] exited with code 2","service":"nexus-backend","timestamp":"2026-07-07 22:31:40"}
{"level":"info","message":"Successfully connected to MongoDB.","service":"nexus-backend","timestamp":"2026-07-07 22:31:40"}
{"level":"error","message":"Get DM conversations error: ClearedChat is not defined","service":"nexus-backend","stack":"ReferenceError: ClearedChat is not defined\n    at C:\\Users\\Raulji Siddharthsinh\\Desktop\\Internship\\Chat App\\backend\\src\\routes\\directRoutes.js:715:26\n    at process.processTicksAndRejections (node:internal/process/task_queues:103:5)","timestamp":"2026-07-07 22:31:57"}
{"level":"error","message":"Get DM conversations error: ClearedChat is not defined","service":"nexus-backend","stack":"ReferenceError: ClearedChat is not defined\n    at C:\\Users\\Raulji Siddharthsinh\\Desktop\\Internship\\Chat App\\backend\\src\\routes\\directRoutes.js:715:26\n    at process.processTicksAndRejections (node:internal/process/task_queues:103:5)","timestamp":"2026-07-07 22:31:58"}
{"level":"error","message":"Get DM conversations error: ClearedChat is not defined","service":"nexus-backend","stack":"ReferenceError: ClearedChat is not defined\n    at C:\\Users\\Raulji Siddharthsinh\\Desktop\\Internship\\Chat App\\backend\\src\\routes\\directRoutes.js:715:26\n    at process.processTicksAndRejections (node:internal/process/task_queues:103:5)","timestamp":"2026-07-07 22:32:00"}
{"level":"warn","message":"[Nexus Config] Missing environment variables: MONGO_URI, JWT_SECRET. Falling back to default values for development.","service":"nexus-backend","timestamp":"2026-07-07 22:33:13"}
{"level":"info","message":"[Python ASR] Spawning Python ASR microservice process...","service":"nexus-backend","timestamp":"2026-07-07 22:33:14"}
{"level":"info","message":"Server successfully started on port 5000","service":"nexus-backend","timestamp":"2026-07-07 22:33:14"}
{"level":"error","message":"[Python ASR stderr]: C:\\Users\\Raulji Siddharthsinh\\AppData\\Local\\Programs\\Python\\Python311\\python.exe: can't open file 'C:\\\\Users\\\\Raulji Siddharthsinh\\\\Desktop\\\\Internship\\\\Chat App\\\\transcription_server.py': [Errno 2] No such file or directory","service":"nexus-backend","timestamp":"2026-07-07 22:33:14"}
{"level":"info","message":"[Python ASR Process] exited with code 2","service":"nexus-backend","timestamp":"2026-07-07 22:33:14"}
{"level":"info","message":"Successfully connected to MongoDB.","service":"nexus-backend","timestamp":"2026-07-07 22:33:14"}
{"level":"info","message":"[SLA Checker] Running background breach verification...","service":"nexus-backend","timestamp":"2026-07-07 22:35:14"}
{"level":"info","message":"[SLA Checker] Running background breach verification...","service":"nexus-backend","timestamp":"2026-07-07 22:37:14"}
{"level":"info","message":"[SLA Checker] Running background breach verification...","service":"nexus-backend","timestamp":"2026-07-07 22:39:14"}
{"level":"info","message":"[SLA Checker] Running background breach verification...","service":"nexus-backend","timestamp":"2026-07-07 22:41:16"}
{"level":"info","message":"[SLA Checker] Running background breach verification...","service":"nexus-backend","timestamp":"2026-07-07 22:43:16"}
{"level":"info","message":"[SLA Checker] Running background breach verification...","service":"nexus-backend","timestamp":"2026-07-07 22:45:16"}
{"level":"warn","message":"[Nexus Config] Missing environment variables: MONGO_URI, JWT_SECRET. Falling back to default values for development.","service":"nexus-backend","timestamp":"2026-07-07 22:47:18"}
{"level":"info","message":"[Python ASR] Spawning Python ASR microservice process...","service":"nexus-backend","timestamp":"2026-07-07 22:47:20"}
{"level":"info","message":"Server successfully started on port 5000","service":"nexus-backend","timestamp":"2026-07-07 22:47:20"}
{"level":"error","message":"[Python ASR stderr]: C:\\Users\\Raulji Siddharthsinh\\AppData\\Local\\Programs\\Python\\Python311\\python.exe: can't open file 'C:\\\\Users\\\\Raulji Siddharthsinh\\\\Desktop\\\\Internship\\\\Chat App\\\\transcription_server.py': [Errno 2] No such file or directory","service":"nexus-backend","timestamp":"2026-07-07 22:47:20"}
{"level":"info","message":"[Python ASR Process] exited with code 2","service":"nexus-backend","timestamp":"2026-07-07 22:47:20"}
{"level":"info","message":"Successfully connected to MongoDB.","service":"nexus-backend","timestamp":"2026-07-07 22:47:20"}
{"level":"info","message":"[SLA Checker] Running background breach verification...","service":"nexus-backend","timestamp":"2026-07-07 22:49:20"}
{"level":"info","message":"[SLA Checker] Running background breach verification...","service":"nexus-backend","timestamp":"2026-07-07 22:51:20"}
{"level":"info","message":"[SLA Checker] Running background breach verification...","service":"nexus-backend","timestamp":"2026-07-07 22:53:20"}
{"level":"info","message":"[SLA Checker] Running background breach verification...","service":"nexus-backend","timestamp":"2026-07-07 22:55:20"}
{"level":"info","message":"[SLA Checker] Running background breach verification...","service":"nexus-backend","timestamp":"2026-07-07 22:57:20"}
{"level":"info","message":"[SLA Checker] Running background breach verification...","service":"nexus-backend","timestamp":"2026-07-07 22:59:20"}
{"level":"info","message":"[SLA Checker] Running background breach verification...","service":"nexus-backend","timestamp":"2026-07-07 23:01:20"}
{"level":"info","message":"[SLA Checker] Running background breach verification...","service":"nexus-backend","timestamp":"2026-07-07 23:03:20"}
{"level":"info","message":"[SLA Checker] Running background breach verification...","service":"nexus-backend","timestamp":"2026-07-07 23:05:20"}
{"level":"info","message":"[SLA Checker] Running background breach verification...","service":"nexus-backend","timestamp":"2026-07-07 23:07:20"}
{"level":"info","message":"[SLA Checker] Running background breach verification...","service":"nexus-backend","timestamp":"2026-07-07 23:09:20"}
{"level":"info","message":"[SLA Checker] Running background breach verification...","service":"nexus-backend","timestamp":"2026-07-07 23:11:20"}
{"level":"info","message":"[SLA Checker] Running background breach verification...","service":"nexus-backend","timestamp":"2026-07-07 23:13:20"}
{"level":"info","message":"[SLA Checker] Running background breach verification...","service":"nexus-backend","timestamp":"2026-07-07 23:15:20"}
{"level":"warn","message":"[Nexus Config] Missing environment variables: MONGO_URI, JWT_SECRET. Falling back to default values for development.","service":"nexus-backend","timestamp":"2026-07-07 23:16:01"}
{"level":"info","message":"[Python ASR] Spawning Python ASR microservice process...","service":"nexus-backend","timestamp":"2026-07-07 23:16:02"}
{"level":"info","message":"Server successfully started on port 5000","service":"nexus-backend","timestamp":"2026-07-07 23:16:02"}
{"level":"error","message":"[Python ASR stderr]: C:\\Users\\Raulji Siddharthsinh\\AppData\\Local\\Programs\\Python\\Python311\\python.exe: can't open file 'C:\\\\Users\\\\Raulji Siddharthsinh\\\\Desktop\\\\Internship\\\\Chat App\\\\transcription_server.py': [Errno 2] No such file or directory","service":"nexus-backend","timestamp":"2026-07-07 23:16:02"}
{"level":"info","message":"[Python ASR Process] exited with code 2","service":"nexus-backend","timestamp":"2026-07-07 23:16:02"}
{"level":"info","message":"Successfully connected to MongoDB.","service":"nexus-backend","timestamp":"2026-07-07 23:16:02"}
{"level":"info","message":"[SLA Checker] Running background breach verification...","service":"nexus-backend","timestamp":"2026-07-07 23:18:02"}
{"level":"info","message":"[SLA Checker] Running background breach verification...","service":"nexus-backend","timestamp":"2026-07-07 23:20:02"}
{"level":"info","message":"[SLA Checker] Running background breach verification...","service":"nexus-backend","timestamp":"2026-07-07 23:22:02"}
{"level":"warn","message":"[Nexus Config] Missing environment variables: MONGO_URI, JWT_SECRET. Falling back to default values for development.","service":"nexus-backend","timestamp":"2026-07-07 23:23:16"}
{"level":"info","message":"[Python ASR] Spawning Python ASR microservice process...","service":"nexus-backend","timestamp":"2026-07-07 23:23:17"}
{"level":"info","message":"Server successfully started on port 5000","service":"nexus-backend","timestamp":"2026-07-07 23:23:17"}
{"level":"error","message":"[Python ASR stderr]: C:\\Users\\Raulji Siddharthsinh\\AppData\\Local\\Programs\\Python\\Python311\\python.exe: can't open file 'C:\\\\Users\\\\Raulji Siddharthsinh\\\\Desktop\\\\Internship\\\\Chat App\\\\transcription_server.py': [Errno 2] No such file or directory","service":"nexus-backend","timestamp":"2026-07-07 23:23:17"}
{"level":"info","message":"[Python ASR Process] exited with code 2","service":"nexus-backend","timestamp":"2026-07-07 23:23:17"}
{"level":"info","message":"Successfully connected to MongoDB.","service":"nexus-backend","timestamp":"2026-07-07 23:23:17"}
{"level":"warn","message":"[Nexus Config] Missing environment variables: MONGO_URI, JWT_SECRET. Falling back to default values for development.","service":"nexus-backend","timestamp":"2026-07-08 15:05:36"}
{"level":"info","message":"[Python ASR] Spawning Python ASR microservice process...","service":"nexus-backend","timestamp":"2026-07-08 15:05:37"}
{"level":"info","message":"Server successfully started on port 5000","service":"nexus-backend","timestamp":"2026-07-08 15:05:37"}
{"level":"error","message":"[Python ASR stderr]: C:\\Users\\Raulji Siddharthsinh\\AppData\\Local\\Programs\\Python\\Python311\\python.exe: can't open file 'C:\\\\Users\\\\Raulji Siddharthsinh\\\\Desktop\\\\Internship\\\\Chat App\\\\transcription_server.py': [Errno 2] No such file or directory","service":"nexus-backend","timestamp":"2026-07-08 15:05:37"}
{"level":"info","message":"Successfully connected to MongoDB.","service":"nexus-backend","timestamp":"2026-07-08 15:05:37"}
{"level":"info","message":"[Python ASR Process] exited with code 2","service":"nexus-backend","timestamp":"2026-07-08 15:05:37"}
{"level":"info","message":"[SLA Checker] Running background breach verification...","service":"nexus-backend","timestamp":"2026-07-08 15:07:37"}
{"level":"info","message":"[SLA Checker] Running background breach verification...","service":"nexus-backend","timestamp":"2026-07-08 15:09:37"}
{"level":"info","message":"[SLA Checker] Running background breach verification...","service":"nexus-backend","timestamp":"2026-07-08 15:11:37"}
{"level":"info","message":"[SLA Checker] Running background breach verification...","service":"nexus-backend","timestamp":"2026-07-08 15:13:37"}
{"level":"info","message":"[SLA Checker] Running background breach verification...","service":"nexus-backend","timestamp":"2026-07-08 15:15:37"}
{"level":"info","message":"[SLA Checker] Running background breach verification...","service":"nexus-backend","timestamp":"2026-07-08 15:17:37"}
{"level":"info","message":"[SLA Checker] Running background breach verification...","service":"nexus-backend","timestamp":"2026-07-08 15:19:37"}
{"level":"info","message":"[SLA Checker] Running background breach verification...","service":"nexus-backend","timestamp":"2026-07-08 15:21:37"}
{"level":"info","message":"[SLA Checker] Running background breach verification...","service":"nexus-backend","timestamp":"2026-07-08 15:23:37"}
{"level":"info","message":"[SLA Checker] Running background breach verification...","service":"nexus-backend","timestamp":"2026-07-08 15:25:37"}
{"level":"info","message":"[SLA Checker] Running background breach verification...","service":"nexus-backend","timestamp":"2026-07-08 15:27:37"}
{"level":"info","message":"[SLA Checker] Running background breach verification...","service":"nexus-backend","timestamp":"2026-07-08 15:29:37"}
{"level":"info","message":"[SLA Checker] Running background breach verification...","service":"nexus-backend","timestamp":"2026-07-08 15:31:37"}
{"level":"info","message":"[SLA Checker] Running background breach verification...","service":"nexus-backend","timestamp":"2026-07-08 15:33:37"}
{"level":"info","message":"[SLA Checker] Running background breach verification...","service":"nexus-backend","timestamp":"2026-07-08 15:35:37"}
{"level":"info","message":"[SLA Checker] Running background breach verification...","service":"nexus-backend","timestamp":"2026-07-08 15:37:37"}
{"level":"info","message":"[SLA Checker] Running background breach verification...","service":"nexus-backend","timestamp":"2026-07-08 15:39:37"}
{"level":"info","message":"[SLA Checker] Running background breach verification...","service":"nexus-backend","timestamp":"2026-07-08 15:41:37"}
{"level":"info","message":"[SLA Checker] Running background breach verification...","service":"nexus-backend","timestamp":"2026-07-08 15:43:37"}
{"level":"info","message":"[SLA Checker] Running background breach verification...","service":"nexus-backend","timestamp":"2026-07-08 15:45:37"}
{"level":"info","message":"[SLA Checker] Running background breach verification...","service":"nexus-backend","timestamp":"2026-07-08 15:47:37"}
{"level":"info","message":"[SLA Checker] Running background breach verification...","service":"nexus-backend","timestamp":"2026-07-08 15:49:37"}
{"level":"info","message":"[SLA Checker] Running background breach verification...","service":"nexus-backend","timestamp":"2026-07-08 15:51:37"}
{"level":"info","message":"[SLA Checker] Running background breach verification...","service":"nexus-backend","timestamp":"2026-07-08 15:53:37"}
{"level":"info","message":"[SLA Checker] Running background breach verification...","service":"nexus-backend","timestamp":"2026-07-08 15:55:37"}
{"level":"info","message":"[SLA Checker] Running background breach verification...","service":"nexus-backend","timestamp":"2026-07-08 15:57:37"}
{"level":"info","message":"[SLA Checker] Running background breach verification...","service":"nexus-backend","timestamp":"2026-07-08 15:59:37"}
{"level":"info","message":"[SLA Checker] Running background breach verification...","service":"nexus-backend","timestamp":"2026-07-08 16:01:37"}
{"level":"info","message":"[SLA Checker] Running background breach verification...","service":"nexus-backend","timestamp":"2026-07-08 16:03:37"}
{"level":"info","message":"[SLA Checker] Running background breach verification...","service":"nexus-backend","timestamp":"2026-07-08 16:05:37"}
{"level":"info","message":"[SLA Checker] Running background breach verification...","service":"nexus-backend","timestamp":"2026-07-08 16:07:37"}
{"level":"info","message":"[SLA Checker] Running background breach verification...","service":"nexus-backend","timestamp":"2026-07-08 16:09:37"}
{"level":"info","message":"[SLA Checker] Running background breach verification...","service":"nexus-backend","timestamp":"2026-07-08 16:11:37"}
{"level":"info","message":"[SLA Checker] Running background breach verification...","service":"nexus-backend","timestamp":"2026-07-08 16:13:37"}
{"level":"info","message":"Received SIGINT. Starting production-grade connection draining shutdown...","service":"nexus-backend","timestamp":"2026-07-08 16:14:45"}
{"level":"warn","message":"[Nexus Config] Missing environment variables: MONGO_URI, JWT_SECRET. Falling back to default values for development.","service":"nexus-backend","timestamp":"2026-07-09 23:25:38"}
{"level":"info","message":"[Python ASR] Spawning Python ASR microservice process...","service":"nexus-backend","timestamp":"2026-07-09 23:25:42"}
{"level":"info","message":"Server successfully started on port 5000","service":"nexus-backend","timestamp":"2026-07-09 23:25:42"}
{"level":"info","message":"Successfully connected to MongoDB.","service":"nexus-backend","timestamp":"2026-07-09 23:25:42"}
{"level":"error","message":"[Python ASR stderr]: C:\\Users\\Raulji Siddharthsinh\\AppData\\Local\\Programs\\Python\\Python311\\python.exe: can't open file 'C:\\\\Users\\\\Raulji Siddharthsinh\\\\Desktop\\\\Internship\\\\Chat App\\\\transcription_server.py': [Errno 2] No such file or directory","service":"nexus-backend","timestamp":"2026-07-09 23:25:42"}
{"level":"info","message":"[Python ASR Process] exited with code 2","service":"nexus-backend","timestamp":"2026-07-09 23:25:42"}
{"level":"info","message":"[SLA Checker] Running background breach verification...","service":"nexus-backend","timestamp":"2026-07-09 23:27:42"}
{"level":"info","message":"[SLA Checker] Running background breach verification...","service":"nexus-backend","timestamp":"2026-07-09 23:29:42"}
{"level":"info","message":"[SLA Checker] Running background breach verification...","service":"nexus-backend","timestamp":"2026-07-09 23:31:42"}
{"level":"warn","message":"[Nexus Config] Missing environment variables: MONGO_URI, JWT_SECRET. Falling back to default values for development.","service":"nexus-backend","timestamp":"2026-07-09 23:31:42"}
{"level":"warn","message":"[Nexus Config] Missing environment variables: MONGO_URI, JWT_SECRET. Falling back to default values for development.","service":"nexus-backend","timestamp":"2026-07-09 23:32:34"}
{"level":"info","message":"[SLA Checker] Running background breach verification...","service":"nexus-backend","timestamp":"2026-07-09 23:33:42"}
{"level":"info","message":"[SLA Checker] Running background breach verification...","service":"nexus-backend","timestamp":"2026-07-09 23:35:42"}
{"level":"warn","message":"[Nexus Config] Missing environment variables: MONGO_URI, JWT_SECRET. Falling back to default values for development.","service":"nexus-backend","timestamp":"2026-07-09 23:36:15"}
{"level":"info","message":"[Python ASR] Spawning Python ASR microservice process...","service":"nexus-backend","timestamp":"2026-07-09 23:36:16"}
{"level":"info","message":"Server successfully started on port 5000","service":"nexus-backend","timestamp":"2026-07-09 23:36:16"}
{"level":"error","message":"[Python ASR stderr]: C:\\Users\\Raulji Siddharthsinh\\AppData\\Local\\Programs\\Python\\Python311\\python.exe: can't open file 'C:\\\\Users\\\\Raulji Siddharthsinh\\\\Desktop\\\\Internship\\\\Chat App\\\\transcription_server.py': [Errno 2] No such file or directory","service":"nexus-backend","timestamp":"2026-07-09 23:36:16"}
{"level":"info","message":"[Python ASR Process] exited with code 2","service":"nexus-backend","timestamp":"2026-07-09 23:36:16"}
{"level":"info","message":"Successfully connected to MongoDB.","service":"nexus-backend","timestamp":"2026-07-09 23:36:16"}
{"level":"warn","message":"[Nexus Config] Missing environment variables: MONGO_URI, JWT_SECRET. Falling back to default values for development.","service":"nexus-backend","timestamp":"2026-07-09 23:36:25"}
{"level":"info","message":"[Python ASR] Spawning Python ASR microservice process...","service":"nexus-backend","timestamp":"2026-07-09 23:36:26"}
{"level":"info","message":"Server successfully started on port 5000","service":"nexus-backend","timestamp":"2026-07-09 23:36:26"}
{"level":"error","message":"[Python ASR stderr]: C:\\Users\\Raulji Siddharthsinh\\AppData\\Local\\Programs\\Python\\Python311\\python.exe: can't open file 'C:\\\\Users\\\\Raulji Siddharthsinh\\\\Desktop\\\\Internship\\\\Chat App\\\\transcription_server.py': [Errno 2] No such file or directory","service":"nexus-backend","timestamp":"2026-07-09 23:36:26"}
{"level":"info","message":"[Python ASR Process] exited with code 2","service":"nexus-backend","timestamp":"2026-07-09 23:36:26"}
{"level":"info","message":"Successfully connected to MongoDB.","service":"nexus-backend","timestamp":"2026-07-09 23:36:26"}
{"level":"warn","message":"[Nexus Config] Missing environment variables: MONGO_URI, JWT_SECRET. Falling back to default values for development.","service":"nexus-backend","timestamp":"2026-07-09 23:36:33"}
{"level":"info","message":"[Python ASR] Spawning Python ASR microservice process...","service":"nexus-backend","timestamp":"2026-07-09 23:36:34"}
{"level":"info","message":"Server successfully started on port 5000","service":"nexus-backend","timestamp":"2026-07-09 23:36:34"}
{"level":"error","message":"[Python ASR stderr]: C:\\Users\\Raulji Siddharthsinh\\AppData\\Local\\Programs\\Python\\Python311\\python.exe: can't open file 'C:\\\\Users\\\\Raulji Siddharthsinh\\\\Desktop\\\\Internship\\\\Chat App\\\\transcription_server.py': [Errno 2] No such file or directory","service":"nexus-backend","timestamp":"2026-07-09 23:36:34"}
{"level":"info","message":"[Python ASR Process] exited with code 2","service":"nexus-backend","timestamp":"2026-07-09 23:36:34"}
{"level":"info","message":"Successfully connected to MongoDB.","service":"nexus-backend","timestamp":"2026-07-09 23:36:34"}
{"level":"warn","message":"[Nexus Config] Missing environment variables: MONGO_URI, JWT_SECRET. Falling back to default values for development.","service":"nexus-backend","timestamp":"2026-07-09 23:36:52"}
{"level":"info","message":"[Python ASR] Spawning Python ASR microservice process...","service":"nexus-backend","timestamp":"2026-07-09 23:36:52"}
{"level":"info","message":"Server successfully started on port 5000","service":"nexus-backend","timestamp":"2026-07-09 23:36:52"}
{"level":"info","message":"Successfully connected to MongoDB.","service":"nexus-backend","timestamp":"2026-07-09 23:36:52"}
{"level":"error","message":"[Python ASR stderr]: C:\\Users\\Raulji Siddharthsinh\\AppData\\Local\\Programs\\Python\\Python311\\python.exe: can't open file 'C:\\\\Users\\\\Raulji Siddharthsinh\\\\Desktop\\\\Internship\\\\Chat App\\\\transcription_server.py': [Errno 2] No such file or directory","service":"nexus-backend","timestamp":"2026-07-09 23:36:52"}
{"level":"info","message":"[Python ASR Process] exited with code 2","service":"nexus-backend","timestamp":"2026-07-09 23:36:52"}
{"level":"warn","message":"[Nexus Config] Missing environment variables: MONGO_URI, JWT_SECRET. Falling back to default values for development.","service":"nexus-backend","timestamp":"2026-07-09 23:37:01"}
{"level":"info","message":"[Python ASR] Spawning Python ASR microservice process...","service":"nexus-backend","timestamp":"2026-07-09 23:37:01"}
{"level":"info","message":"Server successfully started on port 5000","service":"nexus-backend","timestamp":"2026-07-09 23:37:01"}
{"level":"error","message":"[Python ASR stderr]: C:\\Users\\Raulji Siddharthsinh\\AppData\\Local\\Programs\\Python\\Python311\\python.exe: can't open file 'C:\\\\Users\\\\Raulji Siddharthsinh\\\\Desktop\\\\Internship\\\\Chat App\\\\transcription_server.py': [Errno 2] No such file or directory","service":"nexus-backend","timestamp":"2026-07-09 23:37:01"}
{"level":"info","message":"[Python ASR Process] exited with code 2","service":"nexus-backend","timestamp":"2026-07-09 23:37:01"}
{"level":"info","message":"Successfully connected to MongoDB.","service":"nexus-backend","timestamp":"2026-07-09 23:37:01"}
{"level":"warn","message":"[Nexus Config] Missing environment variables: MONGO_URI, JWT_SECRET. Falling back to default values for development.","service":"nexus-backend","timestamp":"2026-07-09 23:37:05"}
{"level":"info","message":"[Python ASR] Spawning Python ASR microservice process...","service":"nexus-backend","timestamp":"2026-07-09 23:37:06"}
{"level":"info","message":"Server successfully started on port 5000","service":"nexus-backend","timestamp":"2026-07-09 23:37:06"}
{"level":"error","message":"[Python ASR stderr]: C:\\Users\\Raulji Siddharthsinh\\AppData\\Local\\Programs\\Python\\Python311\\python.exe: can't open file 'C:\\\\Users\\\\Raulji Siddharthsinh\\\\Desktop\\\\Internship\\\\Chat App\\\\transcription_server.py': [Errno 2] No such file or directory","service":"nexus-backend","timestamp":"2026-07-09 23:37:06"}
{"level":"info","message":"[Python ASR Process] exited with code 2","service":"nexus-backend","timestamp":"2026-07-09 23:37:06"}
{"level":"info","message":"Successfully connected to MongoDB.","service":"nexus-backend","timestamp":"2026-07-09 23:37:06"}
{"level":"warn","message":"[Nexus Config] Missing environment variables: MONGO_URI, JWT_SECRET. Falling back to default values for development.","service":"nexus-backend","timestamp":"2026-07-09 23:37:13"}
{"level":"info","message":"[Python ASR] Spawning Python ASR microservice process...","service":"nexus-backend","timestamp":"2026-07-09 23:37:14"}
{"level":"info","message":"Server successfully started on port 5000","service":"nexus-backend","timestamp":"2026-07-09 23:37:14"}
{"level":"error","message":"[Python ASR stderr]: C:\\Users\\Raulji Siddharthsinh\\AppData\\Local\\Programs\\Python\\Python311\\python.exe: can't open file 'C:\\\\Users\\\\Raulji Siddharthsinh\\\\Desktop\\\\Internship\\\\Chat App\\\\transcription_server.py': [Errno 2] No such file or directory","service":"nexus-backend","timestamp":"2026-07-09 23:37:14"}
{"level":"info","message":"[Python ASR Process] exited with code 2","service":"nexus-backend","timestamp":"2026-07-09 23:37:14"}
{"level":"info","message":"Successfully connected to MongoDB.","service":"nexus-backend","timestamp":"2026-07-09 23:37:14"}
{"level":"info","message":"[SLA Checker] Running background breach verification...","service":"nexus-backend","timestamp":"2026-07-09 23:39:14"}
{"level":"info","message":"[SLA Checker] Running background breach verification...","service":"nexus-backend","timestamp":"2026-07-09 23:41:14"}
{"level":"info","message":"[SLA Checker] Running background breach verification...","service":"nexus-backend","timestamp":"2026-07-09 23:43:14"}
{"level":"info","message":"[SLA Checker] Running background breach verification...","service":"nexus-backend","timestamp":"2026-07-09 23:45:14"}
{"level":"info","message":"[SLA Checker] Running background breach verification...","service":"nexus-backend","timestamp":"2026-07-09 23:47:14"}
{"level":"info","message":"[SLA Checker] Running background breach verification...","service":"nexus-backend","timestamp":"2026-07-09 23:49:14"}
{"level":"info","message":"[SLA Checker] Running background breach verification...","service":"nexus-backend","timestamp":"2026-07-09 23:51:14"}
{"level":"error","message":"[JWT Verify Error] userRoutes: jwt expired. Token: eyJhbGciOiJIUzI1NiIsInR5cCI6IkpXVCJ9.eyJ1c2VySWQiOiI2YTFmZGI0MmJhNGQwMmFlOWYyNWRlODMiLCJ1c2VybmFtZSI6IlRlc3R1c2VyIiwiaWF0IjoxNzgzNjIwMjc3LCJleHAiOjE3ODM2MjExNzd9.JCq8zbmrAJBeorRUwFho6ZplAxSOOv-7ejOLg90nEXw","service":"nexus-backend","timestamp":"2026-07-09 23:52:04"}
{"level":"error","message":"[JWT Verify Error] userRoutes: jwt expired. Token: eyJhbGciOiJIUzI1NiIsInR5cCI6IkpXVCJ9.eyJ1c2VySWQiOiI2YTFmZGI0MmJhNGQwMmFlOWYyNWRlODMiLCJ1c2VybmFtZSI6IlRlc3R1c2VyIiwiaWF0IjoxNzgzNjIwMjc3LCJleHAiOjE3ODM2MjExNzd9.JCq8zbmrAJBeorRUwFho6ZplAxSOOv-7ejOLg90nEXw","service":"nexus-backend","timestamp":"2026-07-09 23:52:04"}
{"level":"error","message":"[JWT Verify Error] userRoutes: jwt expired. Token: eyJhbGciOiJIUzI1NiIsInR5cCI6IkpXVCJ9.eyJ1c2VySWQiOiI2YTFmZGI0MmJhNGQwMmFlOWYyNWRlODMiLCJ1c2VybmFtZSI6IlRlc3R1c2VyIiwiaWF0IjoxNzgzNjIwMjc3LCJleHAiOjE3ODM2MjExNzd9.JCq8zbmrAJBeorRUwFho6ZplAxSOOv-7ejOLg90nEXw","service":"nexus-backend","timestamp":"2026-07-09 23:52:04"}
{"level":"error","message":"[JWT Verify Error] userRoutes: jwt expired. Token: eyJhbGciOiJIUzI1NiIsInR5cCI6IkpXVCJ9.eyJ1c2VySWQiOiI2YTFmZGI0MmJhNGQwMmFlOWYyNWRlODMiLCJ1c2VybmFtZSI6IlRlc3R1c2VyIiwiaWF0IjoxNzgzNjIwMjc3LCJleHAiOjE3ODM2MjExNzd9.JCq8zbmrAJBeorRUwFho6ZplAxSOOv-7ejOLg90nEXw","service":"nexus-backend","timestamp":"2026-07-09 23:52:04"}
{"level":"error","message":"[JWT Verify Error] userRoutes: jwt expired. Token: eyJhbGciOiJIUzI1NiIsInR5cCI6IkpXVCJ9.eyJ1c2VySWQiOiI2YTFmZGI0MmJhNGQwMmFlOWYyNWRlODMiLCJ1c2VybmFtZSI6IlRlc3R1c2VyIiwiaWF0IjoxNzgzNjIwMjc3LCJleHAiOjE3ODM2MjExNzd9.JCq8zbmrAJBeorRUwFho6ZplAxSOOv-7ejOLg90nEXw","service":"nexus-backend","timestamp":"2026-07-09 23:52:04"}
{"level":"error","message":"[JWT Verify Error] keyRoutes: jwt expired. Token: eyJhbGciOiJIUzI1NiIsInR5cCI6IkpXVCJ9.eyJ1c2VySWQiOiI2YTFmZGI0MmJhNGQwMmFlOWYyNWRlODMiLCJ1c2VybmFtZSI6IlRlc3R1c2VyIiwiaWF0IjoxNzgzNjIwMjc3LCJleHAiOjE3ODM2MjExNzd9.JCq8zbmrAJBeorRUwFho6ZplAxSOOv-7ejOLg90nEXw","service":"nexus-backend","timestamp":"2026-07-09 23:52:04"}
{"level":"error","message":"[JWT Verify Error] userRoutes: jwt expired. Token: eyJhbGciOiJIUzI1NiIsInR5cCI6IkpXVCJ9.eyJ1c2VySWQiOiI2YTFmZGI0MmJhNGQwMmFlOWYyNWRlODMiLCJ1c2VybmFtZSI6IlRlc3R1c2VyIiwiaWF0IjoxNzgzNjIwMjc3LCJleHAiOjE3ODM2MjExNzd9.JCq8zbmrAJBeorRUwFho6ZplAxSOOv-7ejOLg90nEXw","service":"nexus-backend","timestamp":"2026-07-09 23:52:04"}
{"level":"warn","message":"[Nexus Config] Missing environment variables: MONGO_URI, JWT_SECRET. Falling back to default values for development.","service":"nexus-backend","timestamp":"2026-07-09 23:55:06"}
{"level":"info","message":"[Python ASR] Spawning Python ASR microservice process...","service":"nexus-backend","timestamp":"2026-07-09 23:55:07"}
{"level":"info","message":"Server successfully started on port 5000","service":"nexus-backend","timestamp":"2026-07-09 23:55:07"}
{"level":"error","message":"[Python ASR stderr]: C:\\Users\\Raulji Siddharthsinh\\AppData\\Local\\Programs\\Python\\Python311\\python.exe: can't open file 'C:\\\\Users\\\\Raulji Siddharthsinh\\\\Desktop\\\\Internship\\\\Chat App\\\\transcription_server.py': [Errno 2] No such file or directory","service":"nexus-backend","timestamp":"2026-07-09 23:55:07"}
{"level":"info","message":"[Python ASR Process] exited with code 2","service":"nexus-backend","timestamp":"2026-07-09 23:55:07"}
{"level":"info","message":"Successfully connected to MongoDB.","service":"nexus-backend","timestamp":"2026-07-09 23:55:07"}
{"level":"warn","message":"[Nexus Config] Missing environment variables: MONGO_URI, JWT_SECRET. Falling back to default values for development.","service":"nexus-backend","timestamp":"2026-07-10 21:49:44"}
{"level":"info","message":"[Python ASR] Spawning Python ASR microservice process...","service":"nexus-backend","timestamp":"2026-07-10 21:49:47"}
{"level":"info","message":"Server successfully started on port 5000","service":"nexus-backend","timestamp":"2026-07-10 21:49:47"}
{"level":"info","message":"Successfully connected to MongoDB.","service":"nexus-backend","timestamp":"2026-07-10 21:49:47"}
{"level":"error","message":"[Python ASR stderr]: C:\\Users\\Raulji Siddharthsinh\\AppData\\Local\\Programs\\Python\\Python311\\python.exe: can't open file 'C:\\\\Users\\\\Raulji Siddharthsinh\\\\Desktop\\\\Internship\\\\Chat App\\\\transcription_server.py': [Errno 2] No such file or directory","service":"nexus-backend","timestamp":"2026-07-10 21:49:47"}
{"level":"info","message":"[Python ASR Process] exited with code 2","service":"nexus-backend","timestamp":"2026-07-10 21:49:47"}
{"level":"error","message":"[JWT Verify Error] userRoutes: jwt expired. Token: eyJhbGciOiJIUzI1NiIsInR5cCI6IkpXVCJ9.eyJ1c2VySWQiOiI2YTFmZGI0MmJhNGQwMmFlOWYyNWRlODMiLCJ1c2VybmFtZSI6IlRlc3R1c2VyIiwiaWF0IjoxNzgzNjIwMjc3LCJleHAiOjE3ODM2MjExNzd9.JCq8zbmrAJBeorRUwFho6ZplAxSOOv-7ejOLg90nEXw","service":"nexus-backend","timestamp":"2026-07-10 21:50:04"}
{"level":"error","message":"[JWT Verify Error] keyRoutes: jwt expired. Token: eyJhbGciOiJIUzI1NiIsInR5cCI6IkpXVCJ9.eyJ1c2VySWQiOiI2YTFmZGI0MmJhNGQwMmFlOWYyNWRlODMiLCJ1c2VybmFtZSI6IlRlc3R1c2VyIiwiaWF0IjoxNzgzNjIwMjc3LCJleHAiOjE3ODM2MjExNzd9.JCq8zbmrAJBeorRUwFho6ZplAxSOOv-7ejOLg90nEXw","service":"nexus-backend","timestamp":"2026-07-10 21:50:04"}
{"level":"error","message":"[JWT Verify Error] userRoutes: jwt expired. Token: eyJhbGciOiJIUzI1NiIsInR5cCI6IkpXVCJ9.eyJ1c2VySWQiOiI2YTFmZGI0MmJhNGQwMmFlOWYyNWRlODMiLCJ1c2VybmFtZSI6IlRlc3R1c2VyIiwiaWF0IjoxNzgzNjIwMjc3LCJleHAiOjE3ODM2MjExNzd9.JCq8zbmrAJBeorRUwFho6ZplAxSOOv-7ejOLg90nEXw","service":"nexus-backend","timestamp":"2026-07-10 21:50:04"}
{"level":"error","message":"[JWT Verify Error] userRoutes: jwt expired. Token: eyJhbGciOiJIUzI1NiIsInR5cCI6IkpXVCJ9.eyJ1c2VySWQiOiI2YTFmZGI0MmJhNGQwMmFlOWYyNWRlODMiLCJ1c2VybmFtZSI6IlRlc3R1c2VyIiwiaWF0IjoxNzgzNjIwMjc3LCJleHAiOjE3ODM2MjExNzd9.JCq8zbmrAJBeorRUwFho6ZplAxSOOv-7ejOLg90nEXw","service":"nexus-backend","timestamp":"2026-07-10 21:50:04"}
{"level":"error","message":"[JWT Verify Error] userRoutes: jwt expired. Token: eyJhbGciOiJIUzI1NiIsInR5cCI6IkpXVCJ9.eyJ1c2VySWQiOiI2YTFmZGI0MmJhNGQwMmFlOWYyNWRlODMiLCJ1c2VybmFtZSI6IlRlc3R1c2VyIiwiaWF0IjoxNzgzNjIwMjc3LCJleHAiOjE3ODM2MjExNzd9.JCq8zbmrAJBeorRUwFho6ZplAxSOOv-7ejOLg90nEXw","service":"nexus-backend","timestamp":"2026-07-10 21:50:04"}
{"level":"error","message":"[JWT Verify Error] userRoutes: jwt expired. Token: eyJhbGciOiJIUzI1NiIsInR5cCI6IkpXVCJ9.eyJ1c2VySWQiOiI2YTFmZGI0MmJhNGQwMmFlOWYyNWRlODMiLCJ1c2VybmFtZSI6IlRlc3R1c2VyIiwiaWF0IjoxNzgzNjIwMjc3LCJleHAiOjE3ODM2MjExNzd9.JCq8zbmrAJBeorRUwFho6ZplAxSOOv-7ejOLg90nEXw","service":"nexus-backend","timestamp":"2026-07-10 21:50:04"}
{"level":"error","message":"[JWT Verify Error] userRoutes: jwt expired. Token: eyJhbGciOiJIUzI1NiIsInR5cCI6IkpXVCJ9.eyJ1c2VySWQiOiI2YTFmZGI0MmJhNGQwMmFlOWYyNWRlODMiLCJ1c2VybmFtZSI6IlRlc3R1c2VyIiwiaWF0IjoxNzgzNjIwMjc3LCJleHAiOjE3ODM2MjExNzd9.JCq8zbmrAJBeorRUwFho6ZplAxSOOv-7ejOLg90nEXw","service":"nexus-backend","timestamp":"2026-07-10 21:50:04"}
{"level":"error","message":"[JWT Verify Error] keyRoutes: jwt expired. Token: eyJhbGciOiJIUzI1NiIsInR5cCI6IkpXVCJ9.eyJ1c2VySWQiOiI2YTFmZGI0MmJhNGQwMmFlOWYyNWRlODMiLCJ1c2VybmFtZSI6IlRlc3R1c2VyIiwiaWF0IjoxNzgzNjIwMjc3LCJleHAiOjE3ODM2MjExNzd9.JCq8zbmrAJBeorRUwFho6ZplAxSOOv-7ejOLg90nEXw","service":"nexus-backend","timestamp":"2026-07-10 21:50:04"}
{"level":"warn","message":"[Nexus Config] Missing environment variables: MONGO_URI, JWT_SECRET. Falling back to default values for development.","service":"nexus-backend","timestamp":"2026-07-10 21:52:48"}
{"level":"info","message":"[Python ASR] Spawning Python ASR microservice process...","service":"nexus-backend","timestamp":"2026-07-10 21:52:51"}
{"level":"info","message":"Server successfully started on port 5000","service":"nexus-backend","timestamp":"2026-07-10 21:52:52"}
{"level":"info","message":"Successfully connected to MongoDB.","service":"nexus-backend","timestamp":"2026-07-10 21:52:52"}
{"level":"error","message":"[Python ASR stderr]: C:\\Users\\Raulji Siddharthsinh\\AppData\\Local\\Programs\\Python\\Python311\\python.exe: can't open file 'C:\\\\Users\\\\Raulji Siddharthsinh\\\\Desktop\\\\Internship\\\\Chat App\\\\transcription_server.py': [Errno 2] No such file or directory","service":"nexus-backend","timestamp":"2026-07-10 21:52:52"}
{"level":"info","message":"[Python ASR Process] exited with code 2","service":"nexus-backend","timestamp":"2026-07-10 21:52:52"}
{"level":"error","message":"[JWT Verify Error] chatSocket: jwt expired. Token: eyJhbGciOiJIUzI1NiIsInR5cCI6IkpXVCJ9.eyJ1c2VySWQiOiI2YTFmZGI0MmJhNGQwMmFlOWYyNWRlODMiLCJ1c2VybmFtZSI6IlRlc3R1c2VyIiwiaWF0IjoxNzgzNjIwMjc3LCJleHAiOjE3ODM2MjExNzd9.JCq8zbmrAJBeorRUwFho6ZplAxSOOv-7ejOLg90nEXw","service":"nexus-backend","timestamp":"2026-07-10 21:52:52"}
{"level":"warn","message":"[Nexus Config] Missing environment variables: MONGO_URI, JWT_SECRET. Falling back to default values for development.","service":"nexus-backend","timestamp":"2026-07-10 21:52:59"}
{"level":"info","message":"[Python ASR] Spawning Python ASR microservice process...","service":"nexus-backend","timestamp":"2026-07-10 21:53:00"}
{"level":"info","message":"Server successfully started on port 5000","service":"nexus-backend","timestamp":"2026-07-10 21:53:00"}
{"level":"error","message":"[Python ASR stderr]: C:\\Users\\Raulji Siddharthsinh\\AppData\\Local\\Programs\\Python\\Python311\\python.exe: can't open file 'C:\\\\Users\\\\Raulji Siddharthsinh\\\\Desktop\\\\Internship\\\\Chat App\\\\transcription_server.py': [Errno 2] No such file or directory","service":"nexus-backend","timestamp":"2026-07-10 21:53:00"}
{"level":"info","message":"[Python ASR Process] exited with code 2","service":"nexus-backend","timestamp":"2026-07-10 21:53:00"}
{"level":"info","message":"Successfully connected to MongoDB.","service":"nexus-backend","timestamp":"2026-07-10 21:53:00"}
{"level":"info","message":"[SLA Checker] Running background breach verification...","service":"nexus-backend","timestamp":"2026-07-10 21:55:00"}
{"level":"info","message":"[SLA Checker] Running background breach verification...","service":"nexus-backend","timestamp":"2026-07-10 21:57:00"}
{"level":"info","message":"[SLA Checker] Running background breach verification...","service":"nexus-backend","timestamp":"2026-07-10 21:59:00"}
{"level":"info","message":"[SLA Checker] Running background breach verification...","service":"nexus-backend","timestamp":"2026-07-10 22:01:00"}
{"level":"info","message":"[SLA Checker] Running background breach verification...","service":"nexus-backend","timestamp":"2026-07-10 22:03:00"}
{"level":"info","message":"[SLA Checker] Running background breach verification...","service":"nexus-backend","timestamp":"2026-07-10 22:05:00"}
{"level":"info","message":"[SLA Checker] Running background breach verification...","service":"nexus-backend","timestamp":"2026-07-10 22:07:00"}
{"level":"info","message":"[SLA Checker] Running background breach verification...","service":"nexus-backend","timestamp":"2026-07-10 22:09:00"}
{"level":"info","message":"[SLA Checker] Running background breach verification...","service":"nexus-backend","timestamp":"2026-07-10 22:11:00"}
{"level":"info","message":"[SLA Checker] Running background breach verification...","service":"nexus-backend","timestamp":"2026-07-10 22:13:00"}
{"level":"error","message":"[JWT Verify Error] chatSocket: jwt expired. Token: eyJhbGciOiJIUzI1NiIsInR5cCI6IkpXVCJ9.eyJ1c2VySWQiOiI2YTFmZGI0MmJhNGQwMmFlOWYyNWRlODMiLCJ1c2VybmFtZSI6IlRlc3R1c2VyIiwiaWF0IjoxNzgzNzAwNzM0LCJleHAiOjE3ODM3MDE2MzR9.QGK4TwKgZ4Ft9zwZabJkZ3UjfdDAihYISbGtZMX8Z2s","service":"nexus-backend","timestamp":"2026-07-10 22:14:01"}
{"level":"info","message":"[SLA Checker] Running background breach verification...","service":"nexus-backend","timestamp":"2026-07-10 22:15:00"}
{"level":"info","message":"[SLA Checker] Running background breach verification...","service":"nexus-backend","timestamp":"2026-07-10 22:17:00"}
{"level":"warn","message":"[Nexus Config] Missing environment variables: MONGO_URI, JWT_SECRET. Falling back to default values for development.","service":"nexus-backend","timestamp":"2026-07-10 22:18:50"}
{"level":"info","message":"[Python ASR] Spawning Python ASR microservice process...","service":"nexus-backend","timestamp":"2026-07-10 22:18:51"}
{"level":"info","message":"Server successfully started on port 5000","service":"nexus-backend","timestamp":"2026-07-10 22:18:51"}
{"level":"info","message":"Successfully connected to MongoDB.","service":"nexus-backend","timestamp":"2026-07-10 22:18:51"}
{"level":"error","message":"[Python ASR stderr]: C:\\Users\\Raulji Siddharthsinh\\AppData\\Local\\Programs\\Python\\Python311\\python.exe: can't open file 'C:\\\\Users\\\\Raulji Siddharthsinh\\\\Desktop\\\\Internship\\\\Chat App\\\\transcription_server.py': [Errno 2] No such file or directory","service":"nexus-backend","timestamp":"2026-07-10 22:18:51"}
{"level":"info","message":"[Python ASR Process] exited with code 2","service":"nexus-backend","timestamp":"2026-07-10 22:18:51"}
{"level":"warn","message":"[Nexus Config] Missing environment variables: MONGO_URI, JWT_SECRET. Falling back to default values for development.","service":"nexus-backend","timestamp":"2026-07-10 22:19:18"}
{"level":"info","message":"[Python ASR] Spawning Python ASR microservice process...","service":"nexus-backend","timestamp":"2026-07-10 22:19:19"}
{"level":"info","message":"Server successfully started on port 5000","service":"nexus-backend","timestamp":"2026-07-10 22:19:19"}
{"level":"info","message":"Successfully connected to MongoDB.","service":"nexus-backend","timestamp":"2026-07-10 22:19:19"}
{"level":"error","message":"[Python ASR stderr]: C:\\Users\\Raulji Siddharthsinh\\AppData\\Local\\Programs\\Python\\Python311\\python.exe: can't open file 'C:\\\\Users\\\\Raulji Siddharthsinh\\\\Desktop\\\\Internship\\\\Chat App\\\\transcription_server.py': [Errno 2] No such file or directory","service":"nexus-backend","timestamp":"2026-07-10 22:19:19"}
{"level":"info","message":"[Python ASR Process] exited with code 2","service":"nexus-backend","timestamp":"2026-07-10 22:19:19"}
{"level":"warn","message":"[Nexus Config] Missing environment variables: MONGO_URI, JWT_SECRET. Falling back to default values for development.","service":"nexus-backend","timestamp":"2026-07-10 22:20:34"}
{"level":"info","message":"[Python ASR] Spawning Python ASR microservice process...","service":"nexus-backend","timestamp":"2026-07-10 22:20:34"}
{"level":"info","message":"Server successfully started on port 5000","service":"nexus-backend","timestamp":"2026-07-10 22:20:34"}
{"level":"error","message":"[Python ASR stderr]: C:\\Users\\Raulji Siddharthsinh\\AppData\\Local\\Programs\\Python\\Python311\\python.exe: can't open file 'C:\\\\Users\\\\Raulji Siddharthsinh\\\\Desktop\\\\Internship\\\\Chat App\\\\transcription_server.py': [Errno 2] No such file or directory","service":"nexus-backend","timestamp":"2026-07-10 22:20:34"}
{"level":"info","message":"[Python ASR Process] exited with code 2","service":"nexus-backend","timestamp":"2026-07-10 22:20:34"}
{"level":"info","message":"Successfully connected to MongoDB.","service":"nexus-backend","timestamp":"2026-07-10 22:20:34"}
{"level":"warn","message":"[Nexus Config] Missing environment variables: MONGO_URI, JWT_SECRET. Falling back to default values for development.","service":"nexus-backend","timestamp":"2026-07-10 22:22:26"}
{"level":"info","message":"[Python ASR] Spawning Python ASR microservice process...","service":"nexus-backend","timestamp":"2026-07-10 22:22:27"}
{"level":"info","message":"Server successfully started on port 5000","service":"nexus-backend","timestamp":"2026-07-10 22:22:27"}
{"level":"error","message":"[Python ASR stderr]: C:\\Users\\Raulji Siddharthsinh\\AppData\\Local\\Programs\\Python\\Python311\\python.exe: can't open file 'C:\\\\Users\\\\Raulji Siddharthsinh\\\\Desktop\\\\Internship\\\\Chat App\\\\transcription_server.py': [Errno 2] No such file or directory","service":"nexus-backend","timestamp":"2026-07-10 22:22:27"}
{"level":"info","message":"[Python ASR Process] exited with code 2","service":"nexus-backend","timestamp":"2026-07-10 22:22:27"}
{"level":"info","message":"Successfully connected to MongoDB.","service":"nexus-backend","timestamp":"2026-07-10 22:22:27"}
{"level":"warn","message":"[Nexus Config] Missing environment variables: MONGO_URI, JWT_SECRET. Falling back to default values for development.","service":"nexus-backend","timestamp":"2026-07-10 22:22:48"}
{"level":"info","message":"[Python ASR] Spawning Python ASR microservice process...","service":"nexus-backend","timestamp":"2026-07-10 22:22:49"}
{"level":"info","message":"Server successfully started on port 5000","service":"nexus-backend","timestamp":"2026-07-10 22:22:49"}
{"level":"error","message":"[Python ASR stderr]: C:\\Users\\Raulji Siddharthsinh\\AppData\\Local\\Programs\\Python\\Python311\\python.exe: can't open file 'C:\\\\Users\\\\Raulji Siddharthsinh\\\\Desktop\\\\Internship\\\\Chat App\\\\transcription_server.py': [Errno 2] No such file or directory","service":"nexus-backend","timestamp":"2026-07-10 22:22:49"}
{"level":"info","message":"[Python ASR Process] exited with code 2","service":"nexus-backend","timestamp":"2026-07-10 22:22:49"}
{"level":"info","message":"Successfully connected to MongoDB.","service":"nexus-backend","timestamp":"2026-07-10 22:22:49"}
{"level":"warn","message":"[Nexus Config] Missing environment variables: MONGO_URI, JWT_SECRET. Falling back to default values for development.","service":"nexus-backend","timestamp":"2026-07-10 22:23:28"}
{"level":"info","message":"[Python ASR] Spawning Python ASR microservice process...","service":"nexus-backend","timestamp":"2026-07-10 22:23:29"}
{"level":"info","message":"Server successfully started on port 5000","service":"nexus-backend","timestamp":"2026-07-10 22:23:29"}
{"level":"error","message":"[Python ASR stderr]: C:\\Users\\Raulji Siddharthsinh\\AppData\\Local\\Programs\\Python\\Python311\\python.exe: can't open file 'C:\\\\Users\\\\Raulji Siddharthsinh\\\\Desktop\\\\Internship\\\\Chat App\\\\transcription_server.py': [Errno 2] No such file or directory","service":"nexus-backend","timestamp":"2026-07-10 22:23:29"}
{"level":"info","message":"[Python ASR Process] exited with code 2","service":"nexus-backend","timestamp":"2026-07-10 22:23:29"}
{"level":"info","message":"Successfully connected to MongoDB.","service":"nexus-backend","timestamp":"2026-07-10 22:23:29"}
{"level":"warn","message":"[Nexus Config] Missing environment variables: MONGO_URI, JWT_SECRET. Falling back to default values for development.","service":"nexus-backend","timestamp":"2026-07-10 22:23:53"}
{"level":"info","message":"[Python ASR] Spawning Python ASR microservice process...","service":"nexus-backend","timestamp":"2026-07-10 22:23:54"}
{"level":"info","message":"Server successfully started on port 5000","service":"nexus-backend","timestamp":"2026-07-10 22:23:54"}
{"level":"error","message":"[Python ASR stderr]: C:\\Users\\Raulji Siddharthsinh\\AppData\\Local\\Programs\\Python\\Python311\\python.exe: can't open file 'C:\\\\Users\\\\Raulji Siddharthsinh\\\\Desktop\\\\Internship\\\\Chat App\\\\transcription_server.py': [Errno 2] No such file or directory","service":"nexus-backend","timestamp":"2026-07-10 22:23:54"}
{"level":"info","message":"[Python ASR Process] exited with code 2","service":"nexus-backend","timestamp":"2026-07-10 22:23:54"}
{"level":"info","message":"Successfully connected to MongoDB.","service":"nexus-backend","timestamp":"2026-07-10 22:23:54"}
{"level":"warn","message":"[Nexus Config] Missing environment variables: MONGO_URI, JWT_SECRET. Falling back to default values for development.","service":"nexus-backend","timestamp":"2026-07-10 22:25:07"}
{"level":"info","message":"[Python ASR] Spawning Python ASR microservice process...","service":"nexus-backend","timestamp":"2026-07-10 22:25:08"}
{"level":"info","message":"Server successfully started on port 5000","service":"nexus-backend","timestamp":"2026-07-10 22:25:08"}
{"level":"error","message":"[JWT Verify Error] chatSocket: jwt expired. Token: eyJhbGciOiJIUzI1NiIsInR5cCI6IkpXVCJ9.eyJ1c2VySWQiOiI2YTI2NTU2ZmI0ODhhYzE4NzY5MDMzYmUiLCJ1c2VybmFtZSI6Ik1heXVyc2luaCIsImlhdCI6MTc4MzcwMTU0OCwiZXhwIjoxNzgzNzAyNDQ4fQ.O7BiQVkLaO1r9Miat7gvMxWExDJodO4cSFf92G-dol8","service":"nexus-backend","timestamp":"2026-07-10 22:25:08"}
{"level":"error","message":"[Python ASR stderr]: C:\\Users\\Raulji Siddharthsinh\\AppData\\Local\\Programs\\Python\\Python311\\python.exe: can't open file 'C:\\\\Users\\\\Raulji Siddharthsinh\\\\Desktop\\\\Internship\\\\Chat App\\\\transcription_server.py': [Errno 2] No such file or directory","service":"nexus-backend","timestamp":"2026-07-10 22:25:08"}
{"level":"info","message":"[Python ASR Process] exited with code 2","service":"nexus-backend","timestamp":"2026-07-10 22:25:08"}
{"level":"info","message":"Successfully connected to MongoDB.","service":"nexus-backend","timestamp":"2026-07-10 22:25:08"}
{"level":"warn","message":"[Nexus Config] Missing environment variables: MONGO_URI, JWT_SECRET. Falling back to default values for development.","service":"nexus-backend","timestamp":"2026-07-10 22:25:53"}
{"level":"info","message":"[Python ASR] Spawning Python ASR microservice process...","service":"nexus-backend","timestamp":"2026-07-10 22:25:53"}
{"level":"info","message":"Server successfully started on port 5000","service":"nexus-backend","timestamp":"2026-07-10 22:25:53"}
{"level":"error","message":"[Python ASR stderr]: C:\\Users\\Raulji Siddharthsinh\\AppData\\Local\\Programs\\Python\\Python311\\python.exe: can't open file 'C:\\\\Users\\\\Raulji Siddharthsinh\\\\Desktop\\\\Internship\\\\Chat App\\\\transcription_server.py': [Errno 2] No such file or directory","service":"nexus-backend","timestamp":"2026-07-10 22:25:53"}
{"level":"info","message":"[Python ASR Process] exited with code 2","service":"nexus-backend","timestamp":"2026-07-10 22:25:53"}
{"level":"info","message":"Successfully connected to MongoDB.","service":"nexus-backend","timestamp":"2026-07-10 22:25:53"}
{"level":"info","message":"[SLA Checker] Running background breach verification...","service":"nexus-backend","timestamp":"2026-07-10 22:27:53"}
{"level":"info","message":"[SLA Checker] Running background breach verification...","service":"nexus-backend","timestamp":"2026-07-10 22:29:53"}
{"level":"info","message":"[SLA Checker] Running background breach verification...","service":"nexus-backend","timestamp":"2026-07-10 22:31:53"}
{"level":"info","message":"[SLA Checker] Running background breach verification...","service":"nexus-backend","timestamp":"2026-07-10 22:33:53"}
{"level":"info","message":"[SLA Checker] Running background breach verification...","service":"nexus-backend","timestamp":"2026-07-10 22:35:53"}
{"level":"info","message":"[SLA Checker] Running background breach verification...","service":"nexus-backend","timestamp":"2026-07-10 22:37:53"}
{"level":"info","message":"[SLA Checker] Running background breach verification...","service":"nexus-backend","timestamp":"2026-07-10 22:39:53"}
{"level":"info","message":"[SLA Checker] Running background breach verification...","service":"nexus-backend","timestamp":"2026-07-10 22:41:53"}
{"level":"info","message":"[SLA Checker] Running background breach verification...","service":"nexus-backend","timestamp":"2026-07-10 22:43:53"}
{"level":"info","message":"[SLA Checker] Running background breach verification...","service":"nexus-backend","timestamp":"2026-07-10 22:45:53"}
{"level":"info","message":"[SLA Checker] Running background breach verification...","service":"nexus-backend","timestamp":"2026-07-10 22:47:53"}
